<?xml version="1.0" encoding="UTF-8"?>
<!-- Generated by org.testng.reporters.JUnitReportReporter -->
<testsuite hostname="DESKTOP-UB7KQ0Q" failures="0" tests="3" name="com.ninjaproject.qa.test.Login" time="22.469" errors="0" timestamp="2024-09-25T17:18:59 IST" skipped="0">
  <testcase classname="com.ninjaproject.qa.test.Login" name="verifyValidEmailAndPassword" time="8.651"/>
  <testcase classname="com.ninjaproject.qa.test.Login" name="verifyInvalidEmailAndPassword" time="6.099"/>
  <testcase classname="com.ninjaproject.qa.test.Login" name="verifyLogout" time="7.719"/>
</testsuite> <!-- com.ninjaproject.qa.test.Login -->
