<?xml version="1.0" encoding="UTF-8"?>
<!-- Generated by org.testng.reporters.JUnitReportReporter -->
<testsuite hostname="DESKTOP-UB7KQ0Q" failures="0" tests="1" name="com.ninjaproject.qa.test.AllenDigitalLogin" time="13.860" errors="0" timestamp="2024-09-25T17:18:59 IST" skipped="0">
  <testcase classname="com.ninjaproject.qa.test.AllenDigitalLogin" name="verifyWithValidCredentials" time="13.860"/>
</testsuite> <!-- com.ninjaproject.qa.test.AllenDigitalLogin -->
