<?xml version="1.0" encoding="UTF-8"?>
<!-- Generated by org.testng.reporters.JUnitReportReporter -->
<testsuite hostname="DESKTOP-UB7KQ0Q" failures="0" tests="1" name="com.ninjaproject.qa.test.Search" time="5.028" errors="0" timestamp="2024-09-25T17:11:08 IST" skipped="0">
  <testcase classname="com.ninjaproject.qa.test.Search" name="verifySearchWithExistsKeywords" time="5.028"/>
</testsuite> <!-- com.ninjaproject.qa.test.Search -->
